# JRE version: Java(TM) SE Runtime Environment (10.0+46) (build 10+46)
# Java VM: Java HotSpot(TM) 64-Bit Server VM (10+46, mixed mode, tiered, compressed oops, g1 gc, windows-amd64)
Heap:
 garbage-first heap   total 157696K, used 57864K [0x0000000081800000, 0x0000000100000000)
  region size 1024K, 39 young (39936K), 5 survivors (5120K)
 Metaspace       used 47962K, capacity 49077K, committed 49488K, reserved 1093632K
  class space    used 5525K, capacity 5974K, committed 6016K, reserved 1048576K
GC Heap History (10 events):
Event: 4.179 GC heap before
{Heap before GC invocations=6 (full 0):
 garbage-first heap   total 131072K, used 58629K [0x0000000081800000, 0x0000000100000000)
  region size 1024K, 50 young (51200K), 4 survivors (4096K)
 Metaspace       used 27817K, capacity 28247K, committed 28672K, reserved 1075200K
  class space    used 3095K, capacity 3295K, committed 3328K, reserved 1048576K
}
Event: 4.187 GC heap after
{Heap after GC invocations=7 (full 0):
 garbage-first heap   total 131072K, used 13107K [0x0000000081800000, 0x0000000100000000)
  region size 1024K, 5 young (5120K), 5 survivors (5120K)
 Metaspace       used 27817K, capacity 28247K, committed 28672K, reserved 1075200K
  class space    used 3095K, capacity 3295K, committed 3328K, reserved 1048576K
}
Event: 5.351 GC heap before
{Heap before GC invocations=7 (full 0):
 garbage-first heap   total 131072K, used 78643K [0x0000000081800000, 0x0000000100000000)
  region size 1024K, 69 young (70656K), 5 survivors (5120K)
 Metaspace       used 34834K, capacity 35471K, committed 35712K, reserved 1081344K
  class space    used 3932K, capacity 4202K, committed 4224K, reserved 1048576K
}
Event: 5.368 GC heap after
{Heap after GC invocations=8 (full 0):
 garbage-first heap   total 157696K, used 19183K [0x0000000081800000, 0x0000000100000000)
  region size 1024K, 9 young (9216K), 9 survivors (9216K)
 Metaspace       used 34834K, capacity 35471K, committed 35712K, reserved 1081344K
  class space    used 3932K, capacity 4202K, committed 4224K, reserved 1048576K
}
Event: 5.448 GC heap before
{Heap before GC invocations=8 (full 0):
 garbage-first heap   total 157696K, used 23279K [0x0000000081800000, 0x0000000100000000)
  region size 1024K, 14 young (14336K), 9 survivors (9216K)
 Metaspace       used 35080K, capacity 35734K, committed 35920K, reserved 1081344K
  class space    used 3950K, capacity 4203K, committed 4224K, reserved 1048576K
}
Event: 5.459 GC heap after
{Heap after GC invocations=9 (full 0):
 garbage-first heap   total 157696K, used 20612K [0x0000000081800000, 0x0000000100000000)
  region size 1024K, 2 young (2048K), 2 survivors (2048K)
 Metaspace       used 35080K, capacity 35734K, committed 35920K, reserved 1081344K
  class space    used 3950K, capacity 4203K, committed 4224K, reserved 1048576K
}
Event: 6.430 GC heap before
{Heap before GC invocations=10 (full 0):
 garbage-first heap   total 157696K, used 74884K [0x0000000081800000, 0x0000000100000000)
  region size 1024K, 55 young (56320K), 2 survivors (2048K)
 Metaspace       used 37849K, capacity 38637K, committed 38992K, reserved 1083392K
  class space    used 4291K, capacity 4626K, committed 4736K, reserved 1048576K
}
Event: 6.436 GC heap after
{Heap after GC invocations=11 (full 0):
 garbage-first heap   total 157696K, used 22696K [0x0000000081800000, 0x0000000100000000)
  region size 1024K, 4 young (4096K), 4 survivors (4096K)
 Metaspace       used 37849K, capacity 38637K, committed 38992K, reserved 1083392K
  class space    used 4291K, capacity 4626K, committed 4736K, reserved 1048576K
}
Event: 7.635 GC heap before
{Heap before GC invocations=11 (full 0):
 garbage-first heap   total 157696K, used 83112K [0x0000000081800000, 0x0000000100000000)
  region size 1024K, 63 young (64512K), 4 survivors (4096K)
 Metaspace       used 41063K, capacity 41907K, committed 42192K, reserved 1087488K
  class space    used 4694K, capacity 5050K, committed 5120K, reserved 1048576K
}
Event: 7.642 GC heap after
{Heap after GC invocations=12 (full 0):
 garbage-first heap   total 157696K, used 24072K [0x0000000081800000, 0x0000000100000000)
  region size 1024K, 5 young (5120K), 5 survivors (5120K)
 Metaspace       used 41063K, capacity 41907K, committed 42192K, reserved 1087488K
  class space    used 4694K, capacity 5050K, committed 5120K, reserved 1048576K
}

