# JRE version: Java(TM) SE Runtime Environment (10.0+46) (build 10+46)
# Java VM: Java HotSpot(TM) 64-Bit Server VM (10+46, mixed mode, tiered, compressed oops, g1 gc, windows-amd64)
Heap:
 garbage-first heap   total 131072K, used 29062K [0x0000000081800000, 0x0000000100000000)
  region size 1024K, 9 young (9216K), 5 survivors (5120K)
 Metaspace       used 47963K, capacity 48987K, committed 49488K, reserved 1093632K
  class space    used 5515K, capacity 5943K, committed 6016K, reserved 1048576K
GC Heap History (10 events):
Event: 7.534 GC heap before
{Heap before GC invocations=7 (full 0):
 garbage-first heap   total 131072K, used 78286K [0x0000000081800000, 0x0000000100000000)
  region size 1024K, 69 young (70656K), 5 survivors (5120K)
 Metaspace       used 34783K, capacity 35406K, committed 35712K, reserved 1081344K
  class space    used 3927K, capacity 4202K, committed 4224K, reserved 1048576K
}
Event: 7.549 GC heap after
{Heap after GC invocations=8 (full 0):
 garbage-first heap   total 131072K, used 19034K [0x0000000081800000, 0x0000000100000000)
  region size 1024K, 9 young (9216K), 9 survivors (9216K)
 Metaspace       used 34783K, capacity 35406K, committed 35712K, reserved 1081344K
  class space    used 3927K, capacity 4202K, committed 4224K, reserved 1048576K
}
Event: 7.845 GC heap before
{Heap before GC invocations=8 (full 0):
 garbage-first heap   total 131072K, used 25178K [0x0000000081800000, 0x0000000100000000)
  region size 1024K, 16 young (16384K), 9 survivors (9216K)
 Metaspace       used 35145K, capacity 35752K, committed 35920K, reserved 1081344K
  class space    used 3956K, capacity 4209K, committed 4224K, reserved 1048576K
}
Event: 7.858 GC heap after
{Heap after GC invocations=9 (full 0):
 garbage-first heap   total 131072K, used 20354K [0x0000000081800000, 0x0000000100000000)
  region size 1024K, 2 young (2048K), 2 survivors (2048K)
 Metaspace       used 35145K, capacity 35752K, committed 35920K, reserved 1081344K
  class space    used 3956K, capacity 4209K, committed 4224K, reserved 1048576K
}
Event: 9.042 GC heap before
{Heap before GC invocations=10 (full 0):
 garbage-first heap   total 131072K, used 64386K [0x0000000081800000, 0x0000000100000000)
  region size 1024K, 45 young (46080K), 2 survivors (2048K)
 Metaspace       used 37446K, capacity 38266K, committed 38608K, reserved 1083392K
  class space    used 4242K, capacity 4588K, committed 4608K, reserved 1048576K
}
Event: 9.049 GC heap after
{Heap after GC invocations=11 (full 0):
 garbage-first heap   total 131072K, used 22135K [0x0000000081800000, 0x0000000100000000)
  region size 1024K, 4 young (4096K), 4 survivors (4096K)
 Metaspace       used 37446K, capacity 38266K, committed 38608K, reserved 1083392K
  class space    used 4242K, capacity 4588K, committed 4608K, reserved 1048576K
}
Event: 10.566 GC heap before
{Heap before GC invocations=11 (full 0):
 garbage-first heap   total 131072K, used 70263K [0x0000000081800000, 0x0000000100000000)
  region size 1024K, 51 young (52224K), 4 survivors (4096K)
 Metaspace       used 39252K, capacity 40085K, committed 40400K, reserved 1085440K
  class space    used 4450K, capacity 4785K, committed 4864K, reserved 1048576K
}
Event: 10.575 GC heap after
{Heap after GC invocations=12 (full 0):
 garbage-first heap   total 131072K, used 24628K [0x0000000081800000, 0x0000000100000000)
  region size 1024K, 6 young (6144K), 6 survivors (6144K)
 Metaspace       used 39252K, capacity 40085K, committed 40400K, reserved 1085440K
  class space    used 4450K, capacity 4785K, committed 4864K, reserved 1048576K
}
Event: 15.698 GC heap before
{Heap before GC invocations=12 (full 0):
 garbage-first heap   total 131072K, used 76852K [0x0000000081800000, 0x0000000100000000)
  region size 1024K, 57 young (58368K), 6 survivors (6144K)
 Metaspace       used 47496K, capacity 48499K, committed 48976K, reserved 1091584K
  class space    used 5484K, capacity 5908K, committed 6016K, reserved 1048576K
}
Event: 15.709 GC heap after
{Heap after GC invocations=13 (full 0):
 garbage-first heap   total 131072K, used 25990K [0x0000000081800000, 0x0000000100000000)
  region size 1024K, 5 young (5120K), 5 survivors (5120K)
 Metaspace       used 47496K, capacity 48499K, committed 48976K, reserved 1091584K
  class space    used 5484K, capacity 5908K, committed 6016K, reserved 1048576K
}

