# JRE version: Java(TM) SE Runtime Environment (10.0+46) (build 10+46)
# Java VM: Java HotSpot(TM) 64-Bit Server VM (10+46, mixed mode, tiered, compressed oops, g1 gc, windows-amd64)
Heap:
 garbage-first heap   total 131072K, used 41819K [0x0000000081800000, 0x0000000100000000)
  region size 1024K, 24 young (24576K), 7 survivors (7168K)
 Metaspace       used 47959K, capacity 49050K, committed 49536K, reserved 1093632K
  class space    used 5514K, capacity 5943K, committed 6016K, reserved 1048576K
GC Heap History (10 events):
Event: 7.351 GC heap before
{Heap before GC invocations=3 (full 0):
 garbage-first heap   total 131072K, used 57732K [0x0000000081800000, 0x0000000100000000)
  region size 1024K, 50 young (51200K), 2 survivors (2048K)
 Metaspace       used 20762K, capacity 21123K, committed 21296K, reserved 1069056K
  class space    used 2260K, capacity 2405K, committed 2432K, reserved 1048576K
}
Event: 7.356 GC heap after
{Heap after GC invocations=4 (full 0):
 garbage-first heap   total 131072K, used 11381K [0x0000000081800000, 0x0000000100000000)
  region size 1024K, 4 young (4096K), 4 survivors (4096K)
 Metaspace       used 20762K, capacity 21123K, committed 21296K, reserved 1069056K
  class space    used 2260K, capacity 2405K, committed 2432K, reserved 1048576K
}
Event: 9.140 GC heap before
{Heap before GC invocations=5 (full 0):
 garbage-first heap   total 131072K, used 73845K [0x0000000081800000, 0x0000000100000000)
  region size 1024K, 65 young (66560K), 4 survivors (4096K)
 Metaspace       used 29508K, capacity 29999K, committed 30464K, reserved 1077248K
  class space    used 3286K, capacity 3495K, committed 3584K, reserved 1048576K
}
Event: 9.149 GC heap after
{Heap after GC invocations=6 (full 0):
 garbage-first heap   total 131072K, used 13391K [0x0000000081800000, 0x0000000100000000)
  region size 1024K, 6 young (6144K), 6 survivors (6144K)
 Metaspace       used 29508K, capacity 29999K, committed 30464K, reserved 1077248K
  class space    used 3286K, capacity 3495K, committed 3584K, reserved 1048576K
}
Event: 11.065 GC heap before
{Heap before GC invocations=6 (full 0):
 garbage-first heap   total 131072K, used 62543K [0x0000000081800000, 0x0000000100000000)
  region size 1024K, 55 young (56320K), 6 survivors (6144K)
 Metaspace       used 34825K, capacity 35471K, committed 35708K, reserved 1081344K
  class space    used 3926K, capacity 4202K, committed 4224K, reserved 1048576K
}
Event: 11.080 GC heap after
{Heap after GC invocations=7 (full 0):
 garbage-first heap   total 131072K, used 18976K [0x0000000081800000, 0x0000000100000000)
  region size 1024K, 10 young (10240K), 10 survivors (10240K)
 Metaspace       used 34825K, capacity 35471K, committed 35708K, reserved 1081344K
  class space    used 3926K, capacity 4202K, committed 4224K, reserved 1048576K
}
Event: 13.513 GC heap before
{Heap before GC invocations=8 (full 0):
 garbage-first heap   total 131072K, used 86560K [0x0000000081800000, 0x0000000100000000)
  region size 1024K, 76 young (77824K), 10 survivors (10240K)
 Metaspace       used 38194K, capacity 39001K, committed 39296K, reserved 1083392K
  class space    used 4326K, capacity 4661K, committed 4736K, reserved 1048576K
}
Event: 13.532 GC heap after
{Heap after GC invocations=9 (full 0):
 garbage-first heap   total 131072K, used 23928K [0x0000000081800000, 0x0000000100000000)
  region size 1024K, 5 young (5120K), 5 survivors (5120K)
 Metaspace       used 38194K, capacity 39001K, committed 39296K, reserved 1083392K
  class space    used 4326K, capacity 4661K, committed 4736K, reserved 1048576K
}
Event: 17.510 GC heap before
{Heap before GC invocations=9 (full 0):
 garbage-first heap   total 131072K, used 92536K [0x0000000081800000, 0x0000000100000000)
  region size 1024K, 72 young (73728K), 5 survivors (5120K)
 Metaspace       used 44965K, capacity 45960K, committed 46336K, reserved 1089536K
  class space    used 5145K, capacity 5567K, committed 5632K, reserved 1048576K
}
Event: 17.522 GC heap after
{Heap after GC invocations=10 (full 0):
 garbage-first heap   total 131072K, used 25435K [0x0000000081800000, 0x0000000100000000)
  region size 1024K, 7 young (7168K), 7 survivors (7168K)
 Metaspace       used 44965K, capacity 45960K, committed 46336K, reserved 1089536K
  class space    used 5145K, capacity 5567K, committed 5632K, reserved 1048576K
}

